{"asctime":"2024-07-14 22:24:12","level":"INFO","service":"Giffy Server","message":"Listening on http://localhost:5000"}
{"asctime":"2024-07-14 22:24:18","level":"INFO","service":"Giffy Server","message":"Connected"}
{"asctime":"2024-07-14 22:25:43","level":"INFO","service":"Giffy Server","message":"Listening on http://localhost:5000"}
{"asctime":"2024-07-14 22:25:43","level":"INFO","service":"Giffy Server","message":"Connected 5YJnDtW61qw30ZAFAAAB"}
{"asctime":"2024-07-14 22:28:08","level":"INFO","service":"Giffy Server","message":"Listening on http://localhost:5000"}
{"asctime":"2024-07-14 22:28:27","level":"INFO","service":"Giffy Server","message":"Connected cD2I48KHkDQqM9QLAAAB"}
{"asctime":"2024-07-14 22:31:36","level":"INFO","service":"Giffy Server","message":"Listening on http://localhost:5000"}
{"asctime":"2024-07-14 22:31:41","level":"DEBUG","service":"Giffy Server","message":"User 666dc3a88ef46527049d309b. Token eyJhbGciOiJIUzI1NiIsInR5cCI6IkpXVCJ9.eyJ1c2VybmFtZSI6ImFkbWluIiwicm9sZSI6ImFkbWluIiwiaWQiOiI2NjZkYzNhODhlZjQ2NTI3MDQ5ZDMwOWIiLCJpYXQiOjE3MjA5Mzk4MjYsImV4cCI6MTcyMzUzMTgyNn0.Tc4Pltq-nCTittJY3A2dwSwwiPyWFukip8VTTbZ597I"}
{"asctime":"2024-07-14 22:31:41","level":"INFO","service":"Giffy Server","message":"Connected ktbcNjlv5R5kv6IlAAAB"}
{"asctime":"2024-07-14 22:33:39","level":"INFO","service":"Giffy Server","message":"Listening on http://localhost:5000"}
{"asctime":"2024-07-14 22:33:39","level":"DEBUG","service":"Giffy Server","message":"User 666dc3a88ef46527049d309b. Token eyJhbGciOiJIUzI1NiIsInR5cCI6IkpXVCJ9.eyJ1c2VybmFtZSI6ImFkbWluIiwicm9sZSI6ImFkbWluIiwiaWQiOiI2NjZkYzNhODhlZjQ2NTI3MDQ5ZDMwOWIiLCJpYXQiOjE3MjA5Mzk4MjYsImV4cCI6MTcyMzUzMTgyNn0.Tc4Pltq-nCTittJY3A2dwSwwiPyWFukip8VTTbZ597I"}
{"asctime":"2024-07-14 22:33:39","level":"DEBUG","service":"Giffy Server","message":"Validation check for userId: 666dc3a88ef46527049d309b -> [object Object]"}
{"asctime":"2024-07-14 22:33:39","level":"INFO","service":"Giffy Server","message":"Connected KJPwthR39ZModsvqAAAB"}
{"asctime":"2024-07-14 22:36:41","level":"INFO","service":"Giffy Server","message":"Listening on http://localhost:5000"}
{"asctime":"2024-07-14 22:36:41","level":"DEBUG","service":"Giffy Server","message":"User 666dc3a88ef46527049d309b. Token eyJhbGciOiJIUzI1NiIsInR5cCI6IkpXVCJ9.eyJ1c2VybmFtZSI6ImFkbWluIiwicm9sZSI6ImFkbWluIiwiaWQiOiI2NjZkYzNhODhlZjQ2NTI3MDQ5ZDMwOWIiLCJpYXQiOjE3MjA5Mzk4MjYsImV4cCI6MTcyMzUzMTgyNn0.Tc4Pltq-nCTittJY3A2dwSwwiPyWFukip8VTTbZ597I"}
{"asctime":"2024-07-14 22:36:41","level":"DEBUG","service":"Giffy Server","message":"Validation check for userId: 666dc3a88ef46527049d309b -> [object Object]"}
{"asctime":"2024-07-14 22:36:41","level":"INFO","service":"Giffy Server","message":"Connected -BMAfWdnN-AxB2QDAAAB"}
{"asctime":"2024-07-14 22:37:26","level":"INFO","service":"Giffy Server","message":"Listening on http://localhost:5000"}
{"asctime":"2024-07-14 22:37:26","level":"DEBUG","service":"Giffy Server","message":"User 666dc3a88ef46527049d309b. Token eyJhbGciOiJIUzI1NiIsInR5cCI6IkpXVCJ9.eyJ1c2VybmFtZSI6ImFkbWluIiwicm9sZSI6ImFkbWluIiwiaWQiOiI2NjZkYzNhODhlZjQ2NTI3MDQ5ZDMwOWIiLCJpYXQiOjE3MjA5Mzk4MjYsImV4cCI6MTcyMzUzMTgyNn0.Tc4Pltq-nCTittJY3A2dwSwwiPyWFukip8VTTbZ597I"}
{"asctime":"2024-07-14 22:37:26","level":"DEBUG","service":"Giffy Server","message":"Validation check for userId: 666dc3a88ef46527049d309b -> [object Object]"}
{"asctime":"2024-07-14 22:37:26","level":"INFO","service":"Giffy Server","message":"Connected HEQeeDI91dU3U762AAAB"}
{"asctime":"2024-07-14 22:37:58","level":"INFO","service":"Giffy Server","message":"Listening on http://localhost:5000"}
{"asctime":"2024-07-14 22:37:59","level":"DEBUG","service":"Giffy Server","message":"User 666dc3a88ef46527049d309b. Token eyJhbGciOiJIUzI1NiIsInR5cCI6IkpXVCJ9.eyJ1c2VybmFtZSI6ImFkbWluIiwicm9sZSI6ImFkbWluIiwiaWQiOiI2NjZkYzNhODhlZjQ2NTI3MDQ5ZDMwOWIiLCJpYXQiOjE3MjA5Mzk4MjYsImV4cCI6MTcyMzUzMTgyNn0.Tc4Pltq-nCTittJY3A2dwSwwiPyWFukip8VTTbZ597I"}
{"asctime":"2024-07-14 22:37:59","level":"DEBUG","service":"Giffy Server","message":"Validation check for userId: 666dc3a88ef46527049d309b -> {\"header\":{\"alg\":\"HS256\",\"typ\":\"JWT\"},\"payload\":{\"username\":\"admin\",\"role\":\"admin\",\"id\":\"666dc3a88ef46527049d309b\",\"iat\":1720939826,\"exp\":1723531826},\"signature\":\"Tc4Pltq-nCTittJY3A2dwSwwiPyWFukip8VTTbZ597I\"}"}
{"asctime":"2024-07-14 22:37:59","level":"INFO","service":"Giffy Server","message":"Connected hPf-nWN8ANYY1w93AAAB"}
{"asctime":"2024-07-14 22:38:41","level":"DEBUG","service":"Giffy Server","message":"User 666dc3a88ef46527049d309b. Token undefined"}
{"asctime":"2024-07-14 22:39:28","level":"INFO","service":"Giffy Server","message":"Listening on http://localhost:5000"}
{"asctime":"2024-07-14 22:39:28","level":"DEBUG","service":"Giffy Server","message":"User 666dc3a88ef46527049d309b. Token undefined"}
{"asctime":"2024-07-14 22:40:26","level":"INFO","service":"Giffy Server","message":"Listening on http://localhost:5000"}
{"asctime":"2024-07-14 22:40:27","level":"DEBUG","service":"Giffy Server","message":"User 666dc3a88ef46527049d309b. Token undefined"}
{"asctime":"2024-07-14 22:41:09","level":"INFO","service":"Giffy Server","message":"Listening on http://localhost:5000"}
{"asctime":"2024-07-14 22:41:13","level":"DEBUG","service":"Giffy Server","message":"User 666dc3a88ef46527049d309b. Token undefined"}
{"asctime":"2024-07-14 22:41:22","level":"DEBUG","service":"Giffy Server","message":"User 666dc3a88ef46527049d309b. Token undefined"}
{"asctime":"2024-07-14 22:41:37","level":"DEBUG","service":"Giffy Server","message":"User 666dc3a88ef46527049d309b. Token undefined"}
{"asctime":"2024-07-14 22:42:48","level":"INFO","service":"Giffy Server","message":"Listening on http://localhost:5000"}
{"asctime":"2024-07-14 22:43:01","level":"DEBUG","service":"Giffy Server","message":"User 666dc3a88ef46527049d309b. Token undefined"}
{"asctime":"2024-07-14 22:43:26","level":"DEBUG","service":"Giffy Server","message":"User 666dc3a88ef46527049d309b. Token eyJhbGciOiJIUzI1NiIsInR5cCI6IkpXVCJ9.eyJ1c2VybmFtZSI6ImFkbWluIiwicm9sZSI6ImFkbWluIiwiaWQiOiI2NjZkYzNhODhlZjQ2NTI3MDQ5ZDMwOWIiLCJpYXQiOjE3MjA5Mzk4MjYsImV4cCI6MTcyMzUzMTgyNn0.Tc4Pltq-nCTittJY3A2dwSwwiPyWFukip8VTTbZ597I"}
{"asctime":"2024-07-14 22:44:09","level":"INFO","service":"Giffy Server","message":"Listening on http://localhost:5000"}
{"asctime":"2024-07-14 22:44:11","level":"DEBUG","service":"Giffy Server","message":"User 666dc3a88ef46527049d309b. Token eyJhbGciOiJIUzI1NiIsInR5cCI6IkpXVCJ9.eyJ1c2VybmFtZSI6ImFkbWluIiwicm9sZSI6ImFkbWluIiwiaWQiOiI2NjZkYzNhODhlZjQ2NTI3MDQ5ZDMwOWIiLCJpYXQiOjE3MjA5Mzk4MjYsImV4cCI6MTcyMzUzMTgyNn0.Tc4Pltq-nCTittJY3A2dwSwwiPyWFukip8VTTbZ597I"}
{"asctime":"2024-07-14 22:44:11","level":"DEBUG","service":"Giffy Server","message":"Validation check for userId: 666dc3a88ef46527049d309b -> {\"header\":{\"alg\":\"HS256\",\"typ\":\"JWT\"},\"payload\":{\"username\":\"admin\",\"role\":\"admin\",\"id\":\"666dc3a88ef46527049d309b\",\"iat\":1720939826,\"exp\":1723531826},\"signature\":\"Tc4Pltq-nCTittJY3A2dwSwwiPyWFukip8VTTbZ597I\"}"}
{"asctime":"2024-07-14 22:44:11","level":"INFO","service":"Giffy Server","message":"Connected fZL3TvyExWofdqsVAAAD"}
{"asctime":"2024-07-14 22:44:11","level":"DEBUG","service":"Giffy Server","message":"Socket object: [object Object]"}
{"asctime":"2024-07-14 22:44:11","level":"DEBUG","service":"Giffy Server","message":"User 666dc3a88ef46527049d309b. Token eyJhbGciOiJIUzI1NiIsInR5cCI6IkpXVCJ9.eyJ1c2VybmFtZSI6ImFkbWluIiwicm9sZSI6ImFkbWluIiwiaWQiOiI2NjZkYzNhODhlZjQ2NTI3MDQ5ZDMwOWIiLCJpYXQiOjE3MjA5Mzk4MjYsImV4cCI6MTcyMzUzMTgyNn0.Tc4Pltq-nCTittJY3A2dwSwwiPyWFukip8VTTbZ597I"}
{"asctime":"2024-07-14 22:44:11","level":"DEBUG","service":"Giffy Server","message":"Validation check for userId: 666dc3a88ef46527049d309b -> {\"header\":{\"alg\":\"HS256\",\"typ\":\"JWT\"},\"payload\":{\"username\":\"admin\",\"role\":\"admin\",\"id\":\"666dc3a88ef46527049d309b\",\"iat\":1720939826,\"exp\":1723531826},\"signature\":\"Tc4Pltq-nCTittJY3A2dwSwwiPyWFukip8VTTbZ597I\"}"}
{"asctime":"2024-07-14 22:44:11","level":"INFO","service":"Giffy Server","message":"Connected KRoRW_bXqrbZxlV5AAAE"}
{"asctime":"2024-07-14 22:44:11","level":"DEBUG","service":"Giffy Server","message":"Socket object: [object Object]"}
{"asctime":"2024-07-14 22:44:32","level":"INFO","service":"Giffy Server","message":"Listening on http://localhost:5000"}
{"asctime":"2024-07-14 22:44:32","level":"DEBUG","service":"Giffy Server","message":"User 666dc3a88ef46527049d309b. Token eyJhbGciOiJIUzI1NiIsInR5cCI6IkpXVCJ9.eyJ1c2VybmFtZSI6ImFkbWluIiwicm9sZSI6ImFkbWluIiwiaWQiOiI2NjZkYzNhODhlZjQ2NTI3MDQ5ZDMwOWIiLCJpYXQiOjE3MjA5Mzk4MjYsImV4cCI6MTcyMzUzMTgyNn0.Tc4Pltq-nCTittJY3A2dwSwwiPyWFukip8VTTbZ597I"}
{"asctime":"2024-07-14 22:44:32","level":"DEBUG","service":"Giffy Server","message":"Validation check for userId: 666dc3a88ef46527049d309b -> {\"header\":{\"alg\":\"HS256\",\"typ\":\"JWT\"},\"payload\":{\"username\":\"admin\",\"role\":\"admin\",\"id\":\"666dc3a88ef46527049d309b\",\"iat\":1720939826,\"exp\":1723531826},\"signature\":\"Tc4Pltq-nCTittJY3A2dwSwwiPyWFukip8VTTbZ597I\"}"}
{"asctime":"2024-07-14 22:44:32","level":"INFO","service":"Giffy Server","message":"Connected IPKPSLHmksnH84B0AAAD"}
{"asctime":"2024-07-14 22:44:32","level":"DEBUG","service":"Giffy Server","message":"User 666dc3a88ef46527049d309b. Token eyJhbGciOiJIUzI1NiIsInR5cCI6IkpXVCJ9.eyJ1c2VybmFtZSI6ImFkbWluIiwicm9sZSI6ImFkbWluIiwiaWQiOiI2NjZkYzNhODhlZjQ2NTI3MDQ5ZDMwOWIiLCJpYXQiOjE3MjA5Mzk4MjYsImV4cCI6MTcyMzUzMTgyNn0.Tc4Pltq-nCTittJY3A2dwSwwiPyWFukip8VTTbZ597I"}
{"asctime":"2024-07-14 22:44:32","level":"DEBUG","service":"Giffy Server","message":"Validation check for userId: 666dc3a88ef46527049d309b -> {\"header\":{\"alg\":\"HS256\",\"typ\":\"JWT\"},\"payload\":{\"username\":\"admin\",\"role\":\"admin\",\"id\":\"666dc3a88ef46527049d309b\",\"iat\":1720939826,\"exp\":1723531826},\"signature\":\"Tc4Pltq-nCTittJY3A2dwSwwiPyWFukip8VTTbZ597I\"}"}
{"asctime":"2024-07-14 22:44:32","level":"INFO","service":"Giffy Server","message":"Connected RijYrrfyLd_qVlI0AAAE"}
{"asctime":"2024-07-14 22:45:02","level":"INFO","service":"Giffy Server","message":"Listening on http://localhost:5000"}
{"asctime":"2024-07-14 22:45:02","level":"DEBUG","service":"Giffy Server","message":"User 666dc3a88ef46527049d309b. Token eyJhbGciOiJIUzI1NiIsInR5cCI6IkpXVCJ9.eyJ1c2VybmFtZSI6ImFkbWluIiwicm9sZSI6ImFkbWluIiwiaWQiOiI2NjZkYzNhODhlZjQ2NTI3MDQ5ZDMwOWIiLCJpYXQiOjE3MjA5Mzk4MjYsImV4cCI6MTcyMzUzMTgyNn0.Tc4Pltq-nCTittJY3A2dwSwwiPyWFukip8VTTbZ597I"}
{"asctime":"2024-07-14 22:45:02","level":"DEBUG","service":"Giffy Server","message":"Validation check for userId: 666dc3a88ef46527049d309b -> {\"header\":{\"alg\":\"HS256\",\"typ\":\"JWT\"},\"payload\":{\"username\":\"admin\",\"role\":\"admin\",\"id\":\"666dc3a88ef46527049d309b\",\"iat\":1720939826,\"exp\":1723531826},\"signature\":\"Tc4Pltq-nCTittJY3A2dwSwwiPyWFukip8VTTbZ597I\"}"}
{"asctime":"2024-07-14 22:45:02","level":"INFO","service":"Giffy Server","message":"Connected hi_2jncp5ryN_jt2AAAD"}
{"asctime":"2024-07-14 22:45:02","level":"DEBUG","service":"Giffy Server","message":"User 666dc3a88ef46527049d309b. Token eyJhbGciOiJIUzI1NiIsInR5cCI6IkpXVCJ9.eyJ1c2VybmFtZSI6ImFkbWluIiwicm9sZSI6ImFkbWluIiwiaWQiOiI2NjZkYzNhODhlZjQ2NTI3MDQ5ZDMwOWIiLCJpYXQiOjE3MjA5Mzk4MjYsImV4cCI6MTcyMzUzMTgyNn0.Tc4Pltq-nCTittJY3A2dwSwwiPyWFukip8VTTbZ597I"}
{"asctime":"2024-07-14 22:45:02","level":"DEBUG","service":"Giffy Server","message":"Validation check for userId: 666dc3a88ef46527049d309b -> {\"header\":{\"alg\":\"HS256\",\"typ\":\"JWT\"},\"payload\":{\"username\":\"admin\",\"role\":\"admin\",\"id\":\"666dc3a88ef46527049d309b\",\"iat\":1720939826,\"exp\":1723531826},\"signature\":\"Tc4Pltq-nCTittJY3A2dwSwwiPyWFukip8VTTbZ597I\"}"}
{"asctime":"2024-07-14 22:45:02","level":"INFO","service":"Giffy Server","message":"Connected IJN7eq7QLoym7WGJAAAE"}
{"asctime":"2024-07-14 22:54:07","level":"INFO","service":"Giffy Server","message":"Listening on http://localhost:5000"}
{"asctime":"2024-07-14 22:54:07","level":"DEBUG","service":"Giffy Server","message":"User 666dc3a88ef46527049d309b. Token eyJhbGciOiJIUzI1NiIsInR5cCI6IkpXVCJ9.eyJ1c2VybmFtZSI6ImFkbWluIiwicm9sZSI6ImFkbWluIiwiaWQiOiI2NjZkYzNhODhlZjQ2NTI3MDQ5ZDMwOWIiLCJpYXQiOjE3MjA5Mzk4MjYsImV4cCI6MTcyMzUzMTgyNn0.Tc4Pltq-nCTittJY3A2dwSwwiPyWFukip8VTTbZ597I"}
{"asctime":"2024-07-14 22:54:07","level":"DEBUG","service":"Giffy Server","message":"Validation check for userId: 666dc3a88ef46527049d309b -> {\"header\":{\"alg\":\"HS256\",\"typ\":\"JWT\"},\"payload\":{\"username\":\"admin\",\"role\":\"admin\",\"id\":\"666dc3a88ef46527049d309b\",\"iat\":1720939826,\"exp\":1723531826},\"signature\":\"Tc4Pltq-nCTittJY3A2dwSwwiPyWFukip8VTTbZ597I\"}"}
{"asctime":"2024-07-14 22:54:07","level":"INFO","service":"Giffy Server","message":"Connected Nyo1BRCU5P0FAJtyAAAD"}
{"asctime":"2024-07-14 22:54:07","level":"DEBUG","service":"Giffy Server","message":"User 666dc3a88ef46527049d309b. Token eyJhbGciOiJIUzI1NiIsInR5cCI6IkpXVCJ9.eyJ1c2VybmFtZSI6ImFkbWluIiwicm9sZSI6ImFkbWluIiwiaWQiOiI2NjZkYzNhODhlZjQ2NTI3MDQ5ZDMwOWIiLCJpYXQiOjE3MjA5Mzk4MjYsImV4cCI6MTcyMzUzMTgyNn0.Tc4Pltq-nCTittJY3A2dwSwwiPyWFukip8VTTbZ597I"}
{"asctime":"2024-07-14 22:54:07","level":"DEBUG","service":"Giffy Server","message":"Validation check for userId: 666dc3a88ef46527049d309b -> {\"header\":{\"alg\":\"HS256\",\"typ\":\"JWT\"},\"payload\":{\"username\":\"admin\",\"role\":\"admin\",\"id\":\"666dc3a88ef46527049d309b\",\"iat\":1720939826,\"exp\":1723531826},\"signature\":\"Tc4Pltq-nCTittJY3A2dwSwwiPyWFukip8VTTbZ597I\"}"}
{"asctime":"2024-07-14 22:54:07","level":"INFO","service":"Giffy Server","message":"Connected JDHM2_rGs5ZJOrlYAAAE"}
{"asctime":"2024-07-14 22:59:08","level":"INFO","service":"Giffy Server","message":"Listening on http://localhost:5000"}
{"asctime":"2024-07-14 22:59:09","level":"DEBUG","service":"Giffy Server","message":"User 666dc3a88ef46527049d309b. Token eyJhbGciOiJIUzI1NiIsInR5cCI6IkpXVCJ9.eyJ1c2VybmFtZSI6ImFkbWluIiwicm9sZSI6ImFkbWluIiwiaWQiOiI2NjZkYzNhODhlZjQ2NTI3MDQ5ZDMwOWIiLCJpYXQiOjE3MjA5Mzk4MjYsImV4cCI6MTcyMzUzMTgyNn0.Tc4Pltq-nCTittJY3A2dwSwwiPyWFukip8VTTbZ597I"}
{"asctime":"2024-07-14 22:59:09","level":"DEBUG","service":"Giffy Server","message":"Validation check for userId: 666dc3a88ef46527049d309b -> {\"header\":{\"alg\":\"HS256\",\"typ\":\"JWT\"},\"payload\":{\"username\":\"admin\",\"role\":\"admin\",\"id\":\"666dc3a88ef46527049d309b\",\"iat\":1720939826,\"exp\":1723531826},\"signature\":\"Tc4Pltq-nCTittJY3A2dwSwwiPyWFukip8VTTbZ597I\"}"}
{"asctime":"2024-07-14 22:59:09","level":"INFO","service":"Giffy Server","message":"Connected _1bFsACMRFVsV8hIAAAC"}
{"asctime":"2024-07-14 22:59:09","level":"DEBUG","service":"Giffy Server","message":"User 666dc3a88ef46527049d309b. Token eyJhbGciOiJIUzI1NiIsInR5cCI6IkpXVCJ9.eyJ1c2VybmFtZSI6ImFkbWluIiwicm9sZSI6ImFkbWluIiwiaWQiOiI2NjZkYzNhODhlZjQ2NTI3MDQ5ZDMwOWIiLCJpYXQiOjE3MjA5Mzk4MjYsImV4cCI6MTcyMzUzMTgyNn0.Tc4Pltq-nCTittJY3A2dwSwwiPyWFukip8VTTbZ597I"}
{"asctime":"2024-07-14 22:59:09","level":"DEBUG","service":"Giffy Server","message":"Validation check for userId: 666dc3a88ef46527049d309b -> {\"header\":{\"alg\":\"HS256\",\"typ\":\"JWT\"},\"payload\":{\"username\":\"admin\",\"role\":\"admin\",\"id\":\"666dc3a88ef46527049d309b\",\"iat\":1720939826,\"exp\":1723531826},\"signature\":\"Tc4Pltq-nCTittJY3A2dwSwwiPyWFukip8VTTbZ597I\"}"}
{"asctime":"2024-07-14 22:59:09","level":"INFO","service":"Giffy Server","message":"Connected dN0SSL6ePMmHnuNUAAAE"}
